<?xml version="1.0" encoding="UTF-8" ?>
<testsuite tests="74" failures="0" name="TestSuite" time="0.1" errors="0" skipped="0">
  <properties>
[...]
</properties>
  <testcase classname="com.aventstack.extentreports.api.BddAttributesTest" name="initialTestIsOfBddType" time="0.007"/>
  <testcase classname="com.aventstack.extentreports.api.BddAttributesTest" name="testIsOfBddTypeWithBddChild" time="0.001"/>
  <testcase classname="com.aventstack.extentreports.api.NodeAttributesTest" name="verifyIfNodeHasAddedCategory" time="0.012"/>
  <testcase classname="com.aventstack.extentreports.api.NodeAttributesTest" name="verifyIfTestHasAddedAuthor" time="0.005"/>
  <testcase classname="com.aventstack.extentreports.api.NodeAttributesTest" name="verifyIfTestHasAddedAuthors" time="0.003"/>
  <testcase classname="com.aventstack.extentreports.api.NodeAttributesTest" name="verifyIfTestHasAddedCategories" time="0.002"/>
  <testcase classname="com.aventstack.extentreports.view.extenthtml.TestAndNodeAttributesTest" name="validatesIfBdd" time="0"/>
  <testcase classname="com.aventstack.extentreports.view.extenthtml.TestAndNodeAttributesTest" name="validatesNodeIDView" time="0"/>
  <testcase classname="com.aventstack.extentreports.view.extenthtml.TestAndNodeAttributesTest" name="validatesNodeLogSizeView" time="0.001"/>
  <testcase classname="com.aventstack.extentreports.view.extenthtml.TestAndNodeAttributesTest" name="validatesNodeNameView" time="0.002"/>
  <testcase classname="com.aventstack.extentreports.view.extenthtml.TestAndNodeAttributesTest" name="validatesNodeStatusView" time="0"/>
  <testcase classname="com.aventstack.extentreports.view.extenthtml.TestAndNodeAttributesTest" name="validatesNodesCountView" time="0"/>
  <testcase classname="com.aventstack.extentreports.view.extenthtml.TestAndNodeAttributesTest" name="validatesTestIDView" time="0.001"/>
  <testcase classname="com.aventstack.extentreports.view.extenthtml.TestAndNodeAttributesTest" name="validatesTestLogSizeView" time="0.001"/>
  <testcase classname="com.aventstack.extentreports.view.extenthtml.TestAndNodeAttributesTest" name="validatesTestNameView" time="0.001"/>
  <testcase classname="com.aventstack.extentreports.view.extenthtml.TestAndNodeAttributesTest" name="validatesTestStatusView" time="0"/>
  <testcase classname="com.aventstack.extentreports.view.extenthtml.TestAndNodeAttributesTest" name="validatesTestsCountView" time="0"/>
  <testcase classname="com.aventstack.extentreports.view.extenthtml.TestAttributesTest" name="validateCategoryName" time="0.001"/>
  <testcase classname="com.aventstack.extentreports.view.extenthtml.TestAttributesTest" name="validateCategoryNameExistsInDashboardView" time="0.002"/>
  <testcase classname="com.aventstack.extentreports.view.extenthtml.TestAttributesTest" name="validateCategoryViewEnabled" time="0.001"/>
  <testcase classname="com.aventstack.extentreports.view.extenthtml.TestAttributesTest" name="validateCategoryViewTestID" time="0"/>
  <testcase classname="com.aventstack.extentreports.view.extenthtml.TestAttributesTest" name="validateCategoryViewTestName" time="0"/>
  <testcase classname="com.aventstack.extentreports.view.extenthtml.TestAttributesTest" name="validateIfCategoryViewHasCategory" time="0.001"/>
  <testcase classname="com.aventstack.extentreports.view.extenthtml.TestAttributesTest" name="validateIfCategoryViewHasCategoryWithCorrectName" time="0.001"/>
  <testcase classname="com.aventstack.extentreports.api.TestAttributesTests" name="verifyIfTestHasAddedAuthor" time="0.001"/>
  <testcase classname="com.aventstack.extentreports.api.TestAttributesTests" name="verifyIfTestHasAddedAuthors" time="0.002"/>
  <testcase classname="com.aventstack.extentreports.api.TestAttributesTests" name="verifyIfTestHasAddedCategories" time="0.001"/>
  <testcase classname="com.aventstack.extentreports.api.TestAttributesTests" name="verifyIfTestHasAddedCategory" time="0"/>
  <testcase classname="com.aventstack.extentreports.api.TestIdsTests" name="verifyAllStartedTestsHaveUniqueIds" time="0.023"/>
  <testcase classname="com.aventstack.extentreports.api.TestInitializeNullValuesTests" name="bddTestScenarioNameEmpty" time="0.001"/>
  <testcase classname="com.aventstack.extentreports.api.TestInitializeNullValuesTests" name="bddTestScenarioNameEmptyGherkinKeyword" time="0.002"/>
  <testcase classname="com.aventstack.extentreports.api.TestInitializeNullValuesTests" name="bddTestScenarioNameNull" time="0.001"/>
  <testcase classname="com.aventstack.extentreports.api.TestInitializeNullValuesTests" name="bddTestScenarioNameNullGherkinKeyword" time="0.001"/>
  <testcase classname="com.aventstack.extentreports.api.TestInitializeNullValuesTests" name="bddTestStepNameEmpty" time="0.001"/>
  <testcase classname="com.aventstack.extentreports.api.TestInitializeNullValuesTests" name="bddTestStepNameEmptyGherkinKeyword" time="0.001"/>
  <testcase classname="com.aventstack.extentreports.api.TestInitializeNullValuesTests" name="bddTestStepNameNull" time="0"/>
  <testcase classname="com.aventstack.extentreports.api.TestInitializeNullValuesTests" name="bddTestStepNameNullGherkinKeyword" time="0.001"/>
  <testcase classname="com.aventstack.extentreports.api.TestInitializeNullValuesTests" name="nodeDescriptionNull" time="0.001"/>
  <testcase classname="com.aventstack.extentreports.api.TestInitializeNullValuesTests" name="nodeNameEmpty" time="0.001"/>
  <testcase classname="com.aventstack.extentreports.api.TestInitializeNullValuesTests" name="nodeNameNull" time="0.001"/>
  <testcase classname="com.aventstack.extentreports.api.TestInitializeNullValuesTests" name="testDescriptionNull" time="0.001"/>
  <testcase classname="com.aventstack.extentreports.api.TestInitializeNullValuesTests" name="testNameEmpty" time="0"/>
  <testcase classname="com.aventstack.extentreports.api.TestInitializeNullValuesTests" name="testNameNull" time="0"/>
  <testcase classname="com.aventstack.extentreports.view.extenthtml.TestMarkupTest" name="validatesIfBdd" time="0"/>
  <testcase classname="com.aventstack.extentreports.view.extenthtml.TestMarkupTest" name="validatesLogSizeView" time="0"/>
  <testcase classname="com.aventstack.extentreports.view.extenthtml.TestMarkupTest" name="validatesLogStatusView" time="0"/>
  <testcase classname="com.aventstack.extentreports.view.extenthtml.TestMarkupTest" name="validatesTestIDView" time="0"/>
  <testcase classname="com.aventstack.extentreports.view.extenthtml.TestMarkupTest" name="validatesTestNameView" time="0"/>
  <testcase classname="com.aventstack.extentreports.view.extenthtml.TestMarkupTest" name="validatesTestStatusView" time="0.001"/>
  <testcase classname="com.aventstack.extentreports.view.extenthtml.TestMarkupTest" name="validatesTestsCountView" time="0"/>
  <testcase classname="com.aventstack.extentreports.api.TestMediaTests" name="verifyIfScreenCaptureAdded" time="0.002"/>
  <testcase classname="com.aventstack.extentreports.api.TestMediaTests" name="verifyMultipleScreenCaptures" time="0.001"/>
  <testcase classname="com.aventstack.extentreports.api.TestMediaTests" name="verifyScreenCaptureTitle" time="0.001"/>
  <testcase classname="com.aventstack.extentreports.api.TestSingleLogsStatusTests" name="verifyIfTestHasStatusError" time="0"/>
  <testcase classname="com.aventstack.extentreports.api.TestSingleLogsStatusTests" name="verifyIfTestHasStatusFail" time="0.001"/>
  <testcase classname="com.aventstack.extentreports.api.TestSingleLogsStatusTests" name="verifyIfTestHasStatusFatal" time="0.001"/>
  <testcase classname="com.aventstack.extentreports.api.TestSingleLogsStatusTests" name="verifyIfTestHasStatusPass" time="0"/>
  <testcase classname="com.aventstack.extentreports.api.TestSingleLogsStatusTests" name="verifyIfTestHasStatusPassWithOnlyInfoSingle" time="0.001"/>
  <testcase classname="com.aventstack.extentreports.api.TestSingleLogsStatusTests" name="verifyIfTestHasStatusSkip" time="0"/>
  <testcase classname="com.aventstack.extentreports.api.TestSingleLogsStatusTests" name="verifyIfTestHasStatusWarning" time="0"/>
  <testcase classname="com.aventstack.extentreports.api.TestStartEndDateTimeTests" name="verifyEndTime" time="0"/>
  <testcase classname="com.aventstack.extentreports.api.TestStartEndDateTimeTests" name="verifyEndTimeWithLogs" time="0"/>
  <testcase classname="com.aventstack.extentreports.api.TestStartEndDateTimeTests" name="verifyEndTimeWithManualSetting" time="0"/>
  <testcase classname="com.aventstack.extentreports.api.TestStartEndDateTimeTests" name="verifyStartTime" time="0.001"/>
  <testcase classname="com.aventstack.extentreports.api.TestStartEndDateTimeTests" name="verifyStartTimeWithLogs" time="0.001"/>
  <testcase classname="com.aventstack.extentreports.api.TestStartEndDateTimeTests" name="verifyTimeWithManualSetting" time="0.001"/>
  <testcase classname="com.aventstack.extentreports.api.TestStatusHierarchyTests" name="verifFailHasHigherPriorityThanError" time="0.001"/>
  <testcase classname="com.aventstack.extentreports.api.TestStatusHierarchyTests" name="verifFatalHasHigherPriorityThanFail" time="0"/>
  <testcase classname="com.aventstack.extentreports.api.TestStatusHierarchyTests" name="verifyErrorHasHigherPriorityThanWarning" time="0"/>
  <testcase classname="com.aventstack.extentreports.api.TestStatusHierarchyTests" name="verifyPassHasHigherPriorityThanInfo" time="0.001"/>
  <testcase classname="com.aventstack.extentreports.api.TestStatusHierarchyTests" name="verifySkipHasHigherPriorityThanPass" time="0.001"/>
  <testcase classname="com.aventstack.extentreports.api.TestStatusHierarchyTests" name="verifyWarningHasHigherPriorityThanSkip" time="0.001"/>
  <testcase classname="com.aventstack.extentreports.api.TestWithoutLogs" name="verifyTestHasPassStatusIfNoLogsAdded" time="0"/>
  <testcase classname="com.aventstack.extentreports.view.extenthtml.TestWithoutLogsHasPassStatus" name="testShowsUnknownStatusIfNoLogsAreAddedView" time="0.004"/>
</testsuite>