<?xml version="1.0" encoding="UTF-8"?>
<!-- Generated by org.testng.reporters.JUnitXMLReporter -->
<testsuite hostname="ShenMac.local" ignored="0" name="Command line test" tests="3" failures="3" timestamp="20 九月 2018 07:20:10 GMT" time="0.133" errors="0">
  <testcase name="testChangeJsonToMap" time="0.098" classname="util.TestJsonDemo">
    <failure type="com.alibaba.fastjson.JSONException" message="not close json text, token : int">
      <![CDATA[com.alibaba.fastjson.JSONException: not close json text, token : int
	at com.alibaba.fastjson.parser.DefaultJSONParser.close(DefaultJSONParser.java:1482)
	at com.alibaba.fastjson.JSON.parse(JSON.java:156)
	at com.alibaba.fastjson.JSON.parse(JSON.java:162)
	at com.alibaba.fastjson.JSON.parse(JSON.java:131)
	at com.alibaba.fastjson.JSON.parseObject(JSON.java:223)
	at util.JsonDemo.changeJsonToMap(JsonDemo.java:48)
	at util.TestJsonDemo.testChangeJsonToMap(TestJsonDemo.java:39)
... Removed 35 stack frames]]>
    </failure>
  </testcase> <!-- testChangeJsonToMap -->
  <testcase name="testChangeStringToArray" time="0.001" classname="util.TestJsonDemo">
    <failure type="com.alibaba.fastjson.JSONException" message="not close json text, token : error">
      <![CDATA[com.alibaba.fastjson.JSONException: not close json text, token : error
	at com.alibaba.fastjson.parser.DefaultJSONParser.close(DefaultJSONParser.java:1482)
	at com.alibaba.fastjson.JSON.parse(JSON.java:156)
	at com.alibaba.fastjson.JSON.parse(JSON.java:162)
	at com.alibaba.fastjson.JSON.parse(JSON.java:131)
	at com.alibaba.fastjson.JSON.parseObject(JSON.java:223)
	at util.JsonDemo.changeStringArray(JsonDemo.java:33)
	at util.TestJsonDemo.testChangeStringToArray(TestJsonDemo.java:51)
... Removed 35 stack frames]]>
    </failure>
  </testcase> <!-- testChangeStringToArray -->
  <testcase name="testChangeStringToJson" time="0.001" classname="util.TestJsonDemo">
    <failure type="com.alibaba.fastjson.JSONException" message="not close json text, token : error">
      <![CDATA[com.alibaba.fastjson.JSONException: not close json text, token : error
	at com.alibaba.fastjson.parser.DefaultJSONParser.close(DefaultJSONParser.java:1482)
	at com.alibaba.fastjson.JSON.parse(JSON.java:156)
	at com.alibaba.fastjson.JSON.parse(JSON.java:162)
	at com.alibaba.fastjson.JSON.parse(JSON.java:131)
	at com.alibaba.fastjson.JSON.parseObject(JSON.java:223)
	at util.JsonDemo.changeStringToJson(JsonDemo.java:23)
	at util.TestJsonDemo.testChangeStringToJson(TestJsonDemo.java:45)
... Removed 35 stack frames]]>
    </failure>
  </testcase> <!-- testChangeStringToJson -->
</testsuite> <!-- Command line test -->
