<?xml version="1.0" encoding="UTF-8"?>
<!-- Generated by org.testng.reporters.JUnitXMLReporter -->
<testsuite hostname="bogon" name="Command line test" tests="74" failures="0" timestamp="26 Aug 2017 07:32:07 GMT" time="1.982" errors="0">
  <testcase name="initialTestIsOfBddType" time="0.005" classname="com.aventstack.extentreports.api.BddAttributesTest"/>
  <testcase name="testIsOfBddTypeWithBddChild" time="0.002" classname="com.aventstack.extentreports.api.BddAttributesTest"/>
  <testcase name="verifyIfNodeHasAddedCategory" time="0.012" classname="com.aventstack.extentreports.api.NodeAttributesTest"/>
  <testcase name="verifyIfTestHasAddedAuthor" time="0.004" classname="com.aventstack.extentreports.api.NodeAttributesTest"/>
  <testcase name="verifyIfTestHasAddedAuthors" time="0.003" classname="com.aventstack.extentreports.api.NodeAttributesTest"/>
  <testcase name="verifyIfTestHasAddedCategories" time="0.002" classname="com.aventstack.extentreports.api.NodeAttributesTest"/>
  <testcase name="validatesIfBdd" time="0.0" classname="com.aventstack.extentreports.view.extenthtml.TestAndNodeAttributesTest"/>
  <testcase name="validatesNodeIDView" time="0.0" classname="com.aventstack.extentreports.view.extenthtml.TestAndNodeAttributesTest"/>
  <testcase name="validatesNodeLogSizeView" time="0.001" classname="com.aventstack.extentreports.view.extenthtml.TestAndNodeAttributesTest"/>
  <testcase name="validatesNodeNameView" time="0.002" classname="com.aventstack.extentreports.view.extenthtml.TestAndNodeAttributesTest"/>
  <testcase name="validatesNodeStatusView" time="0.001" classname="com.aventstack.extentreports.view.extenthtml.TestAndNodeAttributesTest"/>
  <testcase name="validatesNodesCountView" time="0.0" classname="com.aventstack.extentreports.view.extenthtml.TestAndNodeAttributesTest"/>
  <testcase name="validatesTestIDView" time="0.0" classname="com.aventstack.extentreports.view.extenthtml.TestAndNodeAttributesTest"/>
  <testcase name="validatesTestLogSizeView" time="0.001" classname="com.aventstack.extentreports.view.extenthtml.TestAndNodeAttributesTest"/>
  <testcase name="validatesTestNameView" time="0.001" classname="com.aventstack.extentreports.view.extenthtml.TestAndNodeAttributesTest"/>
  <testcase name="validatesTestStatusView" time="0.0" classname="com.aventstack.extentreports.view.extenthtml.TestAndNodeAttributesTest"/>
  <testcase name="validatesTestsCountView" time="0.0" classname="com.aventstack.extentreports.view.extenthtml.TestAndNodeAttributesTest"/>
  <testcase name="validateCategoryName" time="0.001" classname="com.aventstack.extentreports.view.extenthtml.TestAttributesTest"/>
  <testcase name="validateCategoryNameExistsInDashboardView" time="0.002" classname="com.aventstack.extentreports.view.extenthtml.TestAttributesTest"/>
  <testcase name="validateCategoryViewEnabled" time="0.001" classname="com.aventstack.extentreports.view.extenthtml.TestAttributesTest"/>
  <testcase name="validateCategoryViewTestID" time="0.003" classname="com.aventstack.extentreports.view.extenthtml.TestAttributesTest"/>
  <testcase name="validateCategoryViewTestName" time="0.001" classname="com.aventstack.extentreports.view.extenthtml.TestAttributesTest"/>
  <testcase name="validateIfCategoryViewHasCategory" time="0.0" classname="com.aventstack.extentreports.view.extenthtml.TestAttributesTest"/>
  <testcase name="validateIfCategoryViewHasCategoryWithCorrectName" time="0.001" classname="com.aventstack.extentreports.view.extenthtml.TestAttributesTest"/>
  <testcase name="verifyIfTestHasAddedAuthor" time="0.001" classname="com.aventstack.extentreports.api.TestAttributesTests"/>
  <testcase name="verifyIfTestHasAddedAuthors" time="0.002" classname="com.aventstack.extentreports.api.TestAttributesTests"/>
  <testcase name="verifyIfTestHasAddedCategories" time="0.002" classname="com.aventstack.extentreports.api.TestAttributesTests"/>
  <testcase name="verifyIfTestHasAddedCategory" time="0.0" classname="com.aventstack.extentreports.api.TestAttributesTests"/>
  <testcase name="verifyAllStartedTestsHaveUniqueIds" time="0.024" classname="com.aventstack.extentreports.api.TestIdsTests"/>
  <testcase name="bddTestScenarioNameEmpty" time="0.001" classname="com.aventstack.extentreports.api.TestInitializeNullValuesTests"/>
  <testcase name="bddTestScenarioNameEmptyGherkinKeyword" time="0.002" classname="com.aventstack.extentreports.api.TestInitializeNullValuesTests"/>
  <testcase name="bddTestScenarioNameNull" time="0.001" classname="com.aventstack.extentreports.api.TestInitializeNullValuesTests"/>
  <testcase name="bddTestScenarioNameNullGherkinKeyword" time="0.001" classname="com.aventstack.extentreports.api.TestInitializeNullValuesTests"/>
  <testcase name="bddTestStepNameEmpty" time="0.001" classname="com.aventstack.extentreports.api.TestInitializeNullValuesTests"/>
  <testcase name="bddTestStepNameEmptyGherkinKeyword" time="0.0" classname="com.aventstack.extentreports.api.TestInitializeNullValuesTests"/>
  <testcase name="bddTestStepNameNull" time="0.0" classname="com.aventstack.extentreports.api.TestInitializeNullValuesTests"/>
  <testcase name="bddTestStepNameNullGherkinKeyword" time="0.001" classname="com.aventstack.extentreports.api.TestInitializeNullValuesTests"/>
  <testcase name="nodeDescriptionNull" time="0.0" classname="com.aventstack.extentreports.api.TestInitializeNullValuesTests"/>
  <testcase name="nodeNameEmpty" time="0.0" classname="com.aventstack.extentreports.api.TestInitializeNullValuesTests"/>
  <testcase name="nodeNameNull" time="0.001" classname="com.aventstack.extentreports.api.TestInitializeNullValuesTests"/>
  <testcase name="testDescriptionNull" time="0.001" classname="com.aventstack.extentreports.api.TestInitializeNullValuesTests"/>
  <testcase name="testNameEmpty" time="0.001" classname="com.aventstack.extentreports.api.TestInitializeNullValuesTests"/>
  <testcase name="testNameNull" time="0.0" classname="com.aventstack.extentreports.api.TestInitializeNullValuesTests"/>
  <testcase name="validatesIfBdd" time="0.0" classname="com.aventstack.extentreports.view.extenthtml.TestMarkupTest"/>
  <testcase name="validatesLogSizeView" time="0.001" classname="com.aventstack.extentreports.view.extenthtml.TestMarkupTest"/>
  <testcase name="validatesLogStatusView" time="0.001" classname="com.aventstack.extentreports.view.extenthtml.TestMarkupTest"/>
  <testcase name="validatesTestIDView" time="0.0" classname="com.aventstack.extentreports.view.extenthtml.TestMarkupTest"/>
  <testcase name="validatesTestNameView" time="0.0" classname="com.aventstack.extentreports.view.extenthtml.TestMarkupTest"/>
  <testcase name="validatesTestStatusView" time="0.001" classname="com.aventstack.extentreports.view.extenthtml.TestMarkupTest"/>
  <testcase name="validatesTestsCountView" time="0.0" classname="com.aventstack.extentreports.view.extenthtml.TestMarkupTest"/>
  <testcase name="verifyIfScreenCaptureAdded" time="0.002" classname="com.aventstack.extentreports.api.TestMediaTests"/>
  <testcase name="verifyMultipleScreenCaptures" time="0.001" classname="com.aventstack.extentreports.api.TestMediaTests"/>
  <testcase name="verifyScreenCaptureTitle" time="0.0" classname="com.aventstack.extentreports.api.TestMediaTests"/>
  <testcase name="verifyIfTestHasStatusError" time="0.001" classname="com.aventstack.extentreports.api.TestSingleLogsStatusTests"/>
  <testcase name="verifyIfTestHasStatusFail" time="0.001" classname="com.aventstack.extentreports.api.TestSingleLogsStatusTests"/>
  <testcase name="verifyIfTestHasStatusFatal" time="0.0" classname="com.aventstack.extentreports.api.TestSingleLogsStatusTests"/>
  <testcase name="verifyIfTestHasStatusPass" time="0.0" classname="com.aventstack.extentreports.api.TestSingleLogsStatusTests"/>
  <testcase name="verifyIfTestHasStatusPassWithOnlyInfoSingle" time="0.001" classname="com.aventstack.extentreports.api.TestSingleLogsStatusTests"/>
  <testcase name="verifyIfTestHasStatusSkip" time="0.0" classname="com.aventstack.extentreports.api.TestSingleLogsStatusTests"/>
  <testcase name="verifyIfTestHasStatusWarning" time="0.0" classname="com.aventstack.extentreports.api.TestSingleLogsStatusTests"/>
  <testcase name="verifyEndTime" time="0.0" classname="com.aventstack.extentreports.api.TestStartEndDateTimeTests"/>
  <testcase name="verifyEndTimeWithLogs" time="0.0" classname="com.aventstack.extentreports.api.TestStartEndDateTimeTests"/>
  <testcase name="verifyEndTimeWithManualSetting" time="0.0" classname="com.aventstack.extentreports.api.TestStartEndDateTimeTests"/>
  <testcase name="verifyStartTime" time="0.001" classname="com.aventstack.extentreports.api.TestStartEndDateTimeTests"/>
  <testcase name="verifyStartTimeWithLogs" time="0.001" classname="com.aventstack.extentreports.api.TestStartEndDateTimeTests"/>
  <testcase name="verifyTimeWithManualSetting" time="0.001" classname="com.aventstack.extentreports.api.TestStartEndDateTimeTests"/>
  <testcase name="verifFailHasHigherPriorityThanError" time="0.0" classname="com.aventstack.extentreports.api.TestStatusHierarchyTests"/>
  <testcase name="verifFatalHasHigherPriorityThanFail" time="0.0" classname="com.aventstack.extentreports.api.TestStatusHierarchyTests"/>
  <testcase name="verifyErrorHasHigherPriorityThanWarning" time="0.001" classname="com.aventstack.extentreports.api.TestStatusHierarchyTests"/>
  <testcase name="verifyPassHasHigherPriorityThanInfo" time="0.001" classname="com.aventstack.extentreports.api.TestStatusHierarchyTests"/>
  <testcase name="verifySkipHasHigherPriorityThanPass" time="0.001" classname="com.aventstack.extentreports.api.TestStatusHierarchyTests"/>
  <testcase name="verifyWarningHasHigherPriorityThanSkip" time="0.001" classname="com.aventstack.extentreports.api.TestStatusHierarchyTests"/>
  <testcase name="verifyTestHasPassStatusIfNoLogsAdded" time="0.0" classname="com.aventstack.extentreports.api.TestWithoutLogs"/>
  <testcase name="testShowsUnknownStatusIfNoLogsAreAddedView" time="0.004" classname="com.aventstack.extentreports.view.extenthtml.TestWithoutLogsHasPassStatus"/>
</testsuite> <!-- Command line test -->
